build/app/outputs/mapping/release/mapping.txt
# compiler: R8
# compiler_version: 1.5.64
# min_api: 16
# pg_map_id: 641a086
...
io.flutter.embedding.engine.renderer.FlutterRenderer$ViewportMetrics -> io.flutter.embedding.engine.renderer.a$c:
    int systemGestureInsetBottom -> n
    int systemGestureInsetLeft -> o
    int systemGestureInsetTop -> l
    int systemGestureInsetRight -> m
    int viewInsetBottom -> j
    int viewInsetLeft -> k
    int viewInsetTop -> h
    int viewInsetRight -> i
    int viewPaddingBottom -> f
    int viewPaddingLeft -> g
    int viewPaddingTop -> d
    float devicePixelRatio -> a
    int viewPaddingRight -> e
    int width -> b
    int height -> c
io.flutter.embedding.engine.renderer.FlutterUiDisplayListener -> io.flutter.embedding.engine.renderer.b:
    void onFlutterUiDisplayed() -> a
    void onFlutterUiNoLongerDisplayed() -> b
io.flutter.embedding.engine.renderer.RenderSurface -> io.flutter.embedding.engine.renderer.c:
    void attachToRenderer(io.flutter.embedding.engine.renderer.FlutterRenderer) -> a
    void pause() -> a
    void detachFromRenderer() -> b
io.flutter.embedding.engine.systemchannels.-$$Lambda$KeyEventChannel$ks_N3mtKlEyd7XxJih2Mvfzln-Y -> io.flutter.embedding.engine.i.a:
    android.view.KeyEvent f$1 -> b
    io.flutter.embedding.engine.systemchannels.KeyEventChannel f$0 -> a
    void reply(java.lang.Object) -> a
io.flutter.embedding.engine.systemchannels.AccessibilityChannel -> io.flutter.embedding.engine.i.b:
    io.flutter.embedding.engine.FlutterJNI flutterJNI -> b
    io.flutter.embedding.engine.systemchannels.AccessibilityChannel$AccessibilityMessageHandler handler -> c
    io.flutter.plugin.common.BasicMessageChannel$MessageHandler parsingMessageHandler -> d
    io.flutter.plugin.common.BasicMessageChannel channel -> a
    io.flutter.embedding.engine.systemchannels.AccessibilityChannel$AccessibilityMessageHandler access$000(io.flutter.embedding.engine.systemchannels.AccessibilityChannel) -> a
    void dispatchSemanticsAction(int,io.flutter.view.AccessibilityBridge$Action) -> a
    void dispatchSemanticsAction(int,io.flutter.view.AccessibilityBridge$Action,java.lang.Object) -> a
    void onAndroidAccessibilityDisabled() -> a
    void setAccessibilityFeatures(int) -> a
    void setAccessibilityMessageHandler(io.flutter.embedding.engine.systemchannels.AccessibilityChannel$AccessibilityMessageHandler) -> a
    void onAndroidAccessibilityEnabled() -> b
io.flutter.embedding.engine.systemchannels.AccessibilityChannel$1 -> io.flutter.embedding.engine.i.b$a:
    io.flutter.embedding.engine.systemchannels.AccessibilityChannel this$0 -> a
    void onMessage(java.lang.Object,io.flutter.plugin.common.BasicMessageChannel$Reply) -> a
io.flutter.embedding.engine.systemchannels.AccessibilityChannel$AccessibilityMessageHandler -> io.flutter.embedding.engine.i.b$b:
    void onLongPress(int) -> a
    void onTooltip(java.lang.String) -> a
    void announce(java.lang.String) -> b
    void onTap(int) -> b
io.flutter.embedding.engine.systemchannels.DeferredComponentChannel -> io.flutter.embedding.engine.i.c:
    java.util.Map moduleNameToResults -> c
    io.flutter.plugin.common.MethodChannel$MethodCallHandler parsingMethodHandler -> d
    io.flutter.embedding.engine.deferredcomponents.DeferredComponentManager deferredComponentManager -> b
    io.flutter.plugin.common.MethodChannel channel -> a
    io.flutter.embedding.engine.deferredcomponents.DeferredComponentManager access$000(io.flutter.embedding.engine.systemchannels.DeferredComponentChannel) -> a
    void setDeferredComponentManager(io.flutter.embedding.engine.deferredcomponents.DeferredComponentManager) -> a
    java.util.Map access$100(io.flutter.embedding.engine.systemchannels.DeferredComponentChannel) -> b
io.flutter.embedding.engine.systemchannels.DeferredComponentChannel$1 -> io.flutter.embedding.engine.i.c$a:
    io.flutter.embedding.engine.systemchannels.DeferredComponentChannel this$0 -> a
    void onMethodCall(io.flutter.plugin.common.MethodCall,io.flutter.plugin.common.MethodChannel$Result) -> a